$ C:\Users\zzh\anaconda3\python.exe -m pytest tb/model tb/unit
============================= test session starts =============================
platform win32 -- Python 3.12.7, pytest-7.4.4, pluggy-1.0.0
rootdir: D:\IC_Workspace\VEDA
plugins: anyio-4.2.0
collected 26 items

tb\model\test_reference_attention.py .......                             [ 26%]
tb\model\test_stage1_arithmetic.py ........                              [ 57%]
tb\model\test_stage1_memory.py .....                                     [ 76%]
tb\unit\test_stage1_rtl_static.py ......                                 [100%]

============================= 26 passed in 0.04s ==============================
exit_code=0

$ C:\Users\zzh\anaconda3\python.exe -m py_compile model\reference_attention.py model\arithmetic\arithmetic_reference.py model\arithmetic\numeric_format.py model\arithmetic\__init__.py model\memory\fifo_reference.py model\memory\__init__.py tb\model\test_reference_attention.py tb\model\test_stage1_arithmetic.py tb\model\test_stage1_memory.py tb\unit\test_stage1_rtl_static.py scripts\lint\run_stage1_lint.py scripts\sim\run_stage1_tests.py scripts\sim\run_stage1_vcs.py scripts\synth\run_stage1_synth_check.py

exit_code=0

RTL simulation: SKIPPED - vcs executable not found.
